The system is: Linux - 5.4.0-48-generic - x86_64
Compiling the C compiler identification source file "CMakeCCompilerId.c" succeeded.
Compiler: /home/krsn53/programs/emsdk/upstream/emscripten/emcc 
Build flags: 
Id flags:  

The output was:
0


Compilation of the C compiler identification source "CMakeCCompilerId.c" produced "a.out.js"

Compilation of the C compiler identification source "CMakeCCompilerId.c" produced "a.out.wasm"

The C compiler identification is Clang, found in "/home/krsn53/programming/c/raylib/win-3d-maze/build/CMakeFiles/3.16.3/CompilerIdC/a.out.wasm"

Compiling the CXX compiler identification source file "CMakeCXXCompilerId.cpp" succeeded.
Compiler: /home/krsn53/programs/emsdk/upstream/emscripten/em++ 
Build flags: 
Id flags:  

The output was:
0


Compilation of the CXX compiler identification source "CMakeCXXCompilerId.cpp" produced "a.out.js"

Compilation of the CXX compiler identification source "CMakeCXXCompilerId.cpp" produced "a.out.wasm"

The CXX compiler identification is Clang, found in "/home/krsn53/programming/c/raylib/win-3d-maze/build/CMakeFiles/3.16.3/CompilerIdCXX/a.out.wasm"

Determining if the C compiler works passed with the following output:
Change Dir: /home/krsn53/programming/c/raylib/win-3d-maze/build/CMakeFiles/CMakeTmp

Run Build Command(s):/usr/bin/ninja cmTC_4d2c0 && [1/2] Building C object CMakeFiles/cmTC_4d2c0.dir/testCCompiler.c.o
[2/2] Linking C executable cmTC_4d2c0



Detecting C compiler ABI info compiled with the following output:
Change Dir: /home/krsn53/programming/c/raylib/win-3d-maze/build/CMakeFiles/CMakeTmp

Run Build Command(s):/usr/bin/ninja cmTC_267e6 && [1/2] Building C object CMakeFiles/cmTC_267e6.dir/CMakeCCompilerABI.c.o
shared:INFO: (Emscripten: Running sanity checks)
 "/home/krsn53/programs/emsdk/upstream/bin/clang" -target wasm32-unknown-emscripten -D__EMSCRIPTEN_major__=2 -D__EMSCRIPTEN_minor__=0 -D__EMSCRIPTEN_tiny__=3 -D_LIBCPP_ABI_VERSION=2 -Dunix -D__unix -D__unix__ -Werror=implicit-function-declaration -Xclang -nostdsysteminc -Xclang -isystem/home/krsn53/programs/emsdk/upstream/emscripten/system/include/compat -Xclang -isystem/home/krsn53/programs/emsdk/upstream/emscripten/system/include -Xclang -isystem/home/krsn53/programs/emsdk/upstream/emscripten/system/include/libc -Xclang -isystem/home/krsn53/programs/emsdk/upstream/emscripten/system/lib/libc/musl/arch/emscripten -Xclang -isystem/home/krsn53/programs/emsdk/upstream/emscripten/system/local/include -Xclang -isystem/home/krsn53/programs/emsdk/upstream/emscripten/system/include/SSE -Xclang -isystem/home/krsn53/programs/emsdk/upstream/emscripten/system/include/neon -Xclang -isystem/home/krsn53/programs/emsdk/upstream/emscripten/system/lib/compiler-rt/include -Xclang -isystem/home/krsn53/programs/emsdk/upstream/emscripten/system/lib/libunwind/include -Xclang -isystem/home/krsn53/programs/emsdk/upstream/emscripten/cache/wasm/include -DEMSCRIPTEN -fignore-exceptions -v -o CMakeFiles/cmTC_267e6.dir/CMakeCCompilerABI.c.o -c /usr/share/cmake-3.16/Modules/CMakeCCompilerABI.c -Xclang -isystem/home/krsn53/programs/emsdk/upstream/emscripten/system/include/SDL -c -o CMakeFiles/cmTC_267e6.dir/CMakeCCompilerABI.c.o -mllvm -combiner-global-alias-analysis=false -mllvm -enable-emscripten-sjlj -mllvm -disable-lsr
clang version 12.0.0 (/b/s/w/ir/cache/git/chromium.googlesource.com-external-github.com-llvm-llvm--project a39423084cbbeb59e81002e741190dccf08b5c82)
Target: wasm32-unknown-emscripten
Thread model: posix
InstalledDir: /home/krsn53/programs/emsdk/upstream/bin
 (in-process)
 "/home/krsn53/programs/emsdk/upstream/bin/clang-12" -cc1 -triple wasm32-unknown-emscripten -emit-obj -mrelax-all --mrelax-relocations -disable-free -main-file-name CMakeCCompilerABI.c -mrelocation-model static -mframe-pointer=none -fno-rounding-math -mconstructor-aliases -target-cpu generic -fvisibility hidden -debugger-tuning=gdb -v -resource-dir /home/krsn53/programs/emsdk/upstream/lib/clang/12.0.0 -D __EMSCRIPTEN_major__=2 -D __EMSCRIPTEN_minor__=0 -D __EMSCRIPTEN_tiny__=3 -D _LIBCPP_ABI_VERSION=2 -D unix -D __unix -D __unix__ -D EMSCRIPTEN -internal-isystem /home/krsn53/programs/emsdk/upstream/lib/clang/12.0.0/include -internal-isystem /include/wasm32-emscripten -internal-isystem /include -Werror=implicit-function-declaration -fdebug-compilation-dir /home/krsn53/programming/c/raylib/win-3d-maze/build/CMakeFiles/CMakeTmp -ferror-limit 19 -fgnuc-version=4.2.1 -fignore-exceptions -nostdsysteminc -isystem/home/krsn53/programs/emsdk/upstream/emscripten/system/include/compat -isystem/home/krsn53/programs/emsdk/upstream/emscripten/system/include -isystem/home/krsn53/programs/emsdk/upstream/emscripten/system/include/libc -isystem/home/krsn53/programs/emsdk/upstream/emscripten/system/lib/libc/musl/arch/emscripten -isystem/home/krsn53/programs/emsdk/upstream/emscripten/system/local/include -isystem/home/krsn53/programs/emsdk/upstream/emscripten/system/include/SSE -isystem/home/krsn53/programs/emsdk/upstream/emscripten/system/include/neon -isystem/home/krsn53/programs/emsdk/upstream/emscripten/system/lib/compiler-rt/include -isystem/home/krsn53/programs/emsdk/upstream/emscripten/system/lib/libunwind/include -isystem/home/krsn53/programs/emsdk/upstream/emscripten/cache/wasm/include -isystem/home/krsn53/programs/emsdk/upstream/emscripten/system/include/SDL -mllvm -combiner-global-alias-analysis=false -mllvm -enable-emscripten-sjlj -mllvm -disable-lsr -o CMakeFiles/cmTC_267e6.dir/CMakeCCompilerABI.c.o -x c /usr/share/cmake-3.16/Modules/CMakeCCompilerABI.c
clang -cc1 version 12.0.0 based upon LLVM 12.0.0git default target x86_64-unknown-linux-gnu
ignoring nonexistent directory "/home/krsn53/programs/emsdk/upstream/emscripten/cache/wasm/include"
ignoring nonexistent directory "/include/wasm32-emscripten"
ignoring nonexistent directory "/include"
#include "..." search starts here:
#include <...> search starts here:
 /home/krsn53/programs/emsdk/upstream/emscripten/system/include/compat
 /home/krsn53/programs/emsdk/upstream/emscripten/system/include
 /home/krsn53/programs/emsdk/upstream/emscripten/system/include/libc
 /home/krsn53/programs/emsdk/upstream/emscripten/system/lib/libc/musl/arch/emscripten
 /home/krsn53/programs/emsdk/upstream/emscripten/system/local/include
 /home/krsn53/programs/emsdk/upstream/emscripten/system/include/SSE
 /home/krsn53/programs/emsdk/upstream/emscripten/system/include/neon
 /home/krsn53/programs/emsdk/upstream/emscripten/system/lib/compiler-rt/include
 /home/krsn53/programs/emsdk/upstream/emscripten/system/lib/libunwind/include
 /home/krsn53/programs/emsdk/upstream/emscripten/system/include/SDL
 /home/krsn53/programs/emsdk/upstream/lib/clang/12.0.0/include
End of search list.
[2/2] Linking C executable cmTC_267e6
shared:INFO: (Emscripten: Running sanity checks)
 "/home/krsn53/programs/emsdk/upstream/bin/wasm-ld" -o /tmp/emscripten_temp_rvc4hxck/cmTC_267e6.wasm CMakeFiles/cmTC_267e6.dir/CMakeCCompilerABI.c.o -L/home/krsn53/programs/emsdk/upstream/emscripten/system/local/lib -L/home/krsn53/programs/emsdk/upstream/emscripten/system/lib -L/home/krsn53/programs/emsdk/upstream/emscripten/cache/wasm /home/krsn53/programs/emsdk/upstream/emscripten/cache/wasm/libc.a /home/krsn53/programs/emsdk/upstream/emscripten/cache/wasm/libcompiler_rt.a /home/krsn53/programs/emsdk/upstream/emscripten/cache/wasm/libc++-noexcept.a /home/krsn53/programs/emsdk/upstream/emscripten/cache/wasm/libc++abi-noexcept.a /home/krsn53/programs/emsdk/upstream/emscripten/cache/wasm/libdlmalloc.a /home/krsn53/programs/emsdk/upstream/emscripten/cache/wasm/libpthread_stub.a /home/krsn53/programs/emsdk/upstream/emscripten/cache/wasm/libc_rt_wasm.a /home/krsn53/programs/emsdk/upstream/emscripten/cache/wasm/libsockets.a -mllvm -combiner-global-alias-analysis=false -mllvm -enable-emscripten-sjlj -mllvm -disable-lsr --allow-undefined --import-memory --import-table --strip-debug --export main --export malloc --export free --export stackSave --export stackRestore --export stackAlloc --export __data_end --export __wasm_call_ctors --export fflush --export __errno_location -z stack-size=5242880 --initial-memory=16777216 --no-entry --max-memory=16777216 --global-base=1024
 "/home/krsn53/programs/emsdk/upstream/bin/wasm-emscripten-finalize" --detect-features --minimize-wasm-changes --dyncalls-i64 --global-base=1024 /tmp/emscripten_temp_rvc4hxck/cmTC_267e6.wasm -o /tmp/emscripten_temp_rvc4hxck/cmTC_267e6.wasm.o.wasm
 "/home/krsn53/programs/emsdk/node/12.18.1_64bit/bin/node" /home/krsn53/programs/emsdk/upstream/emscripten/src/compiler.js /tmp/tmpchp5gz2b.txt



Parsed C implicit include dir info from above output: rv=done
  found start of include info
  found start of implicit include info
    add: [/home/krsn53/programs/emsdk/upstream/emscripten/system/include/compat]
    add: [/home/krsn53/programs/emsdk/upstream/emscripten/system/include]
    add: [/home/krsn53/programs/emsdk/upstream/emscripten/system/include/libc]
    add: [/home/krsn53/programs/emsdk/upstream/emscripten/system/lib/libc/musl/arch/emscripten]
    add: [/home/krsn53/programs/emsdk/upstream/emscripten/system/local/include]
    add: [/home/krsn53/programs/emsdk/upstream/emscripten/system/include/SSE]
    add: [/home/krsn53/programs/emsdk/upstream/emscripten/system/include/neon]
    add: [/home/krsn53/programs/emsdk/upstream/emscripten/system/lib/compiler-rt/include]
    add: [/home/krsn53/programs/emsdk/upstream/emscripten/system/lib/libunwind/include]
    add: [/home/krsn53/programs/emsdk/upstream/emscripten/system/include/SDL]
    add: [/home/krsn53/programs/emsdk/upstream/lib/clang/12.0.0/include]
  end of search list found
  collapse include dir [/home/krsn53/programs/emsdk/upstream/emscripten/system/include/compat] ==> [/home/krsn53/programs/emsdk/upstream/emscripten/system/include/compat]
  collapse include dir [/home/krsn53/programs/emsdk/upstream/emscripten/system/include] ==> [/home/krsn53/programs/emsdk/upstream/emscripten/system/include]
  collapse include dir [/home/krsn53/programs/emsdk/upstream/emscripten/system/include/libc] ==> [/home/krsn53/programs/emsdk/upstream/emscripten/system/include/libc]
  collapse include dir [/home/krsn53/programs/emsdk/upstream/emscripten/system/lib/libc/musl/arch/emscripten] ==> [/home/krsn53/programs/emsdk/upstream/emscripten/system/lib/libc/musl/arch/emscripten]
  collapse include dir [/home/krsn53/programs/emsdk/upstream/emscripten/system/local/include] ==> [/home/krsn53/programs/emsdk/upstream/emscripten/system/local/include]
  collapse include dir [/home/krsn53/programs/emsdk/upstream/emscripten/system/include/SSE] ==> [/home/krsn53/programs/emsdk/upstream/emscripten/system/include/SSE]
  collapse include dir [/home/krsn53/programs/emsdk/upstream/emscripten/system/include/neon] ==> [/home/krsn53/programs/emsdk/upstream/emscripten/system/include/neon]
  collapse include dir [/home/krsn53/programs/emsdk/upstream/emscripten/system/lib/compiler-rt/include] ==> [/home/krsn53/programs/emsdk/upstream/emscripten/system/lib/compiler-rt/include]
  collapse include dir [/home/krsn53/programs/emsdk/upstream/emscripten/system/lib/libunwind/include] ==> [/home/krsn53/programs/emsdk/upstream/emscripten/system/lib/libunwind/include]
  collapse include dir [/home/krsn53/programs/emsdk/upstream/emscripten/system/include/SDL] ==> [/home/krsn53/programs/emsdk/upstream/emscripten/system/include/SDL]
  collapse include dir [/home/krsn53/programs/emsdk/upstream/lib/clang/12.0.0/include] ==> [/home/krsn53/programs/emsdk/upstream/lib/clang/12.0.0/include]
  implicit include dirs: [/home/krsn53/programs/emsdk/upstream/emscripten/system/include/compat;/home/krsn53/programs/emsdk/upstream/emscripten/system/include;/home/krsn53/programs/emsdk/upstream/emscripten/system/include/libc;/home/krsn53/programs/emsdk/upstream/emscripten/system/lib/libc/musl/arch/emscripten;/home/krsn53/programs/emsdk/upstream/emscripten/system/local/include;/home/krsn53/programs/emsdk/upstream/emscripten/system/include/SSE;/home/krsn53/programs/emsdk/upstream/emscripten/system/include/neon;/home/krsn53/programs/emsdk/upstream/emscripten/system/lib/compiler-rt/include;/home/krsn53/programs/emsdk/upstream/emscripten/system/lib/libunwind/include;/home/krsn53/programs/emsdk/upstream/emscripten/system/include/SDL;/home/krsn53/programs/emsdk/upstream/lib/clang/12.0.0/include]


Parsed C implicit link information from above output:
  link line regex: [^( *|.*[/\])(ld|CMAKE_LINK_STARTFILE-NOTFOUND|([^/\]+-)?ld|collect2)[^/\]*( |$)]
  ignore line: [Change Dir: /home/krsn53/programming/c/raylib/win-3d-maze/build/CMakeFiles/CMakeTmp]
  ignore line: []
  ignore line: [Run Build Command(s):/usr/bin/ninja cmTC_267e6 && [1/2] Building C object CMakeFiles/cmTC_267e6.dir/CMakeCCompilerABI.c.o]
  ignore line: [shared:INFO: (Emscripten: Running sanity checks)]
  ignore line: [ "/home/krsn53/programs/emsdk/upstream/bin/clang" -target wasm32-unknown-emscripten -D__EMSCRIPTEN_major__=2 -D__EMSCRIPTEN_minor__=0 -D__EMSCRIPTEN_tiny__=3 -D_LIBCPP_ABI_VERSION=2 -Dunix -D__unix -D__unix__ -Werror=implicit-function-declaration -Xclang -nostdsysteminc -Xclang -isystem/home/krsn53/programs/emsdk/upstream/emscripten/system/include/compat -Xclang -isystem/home/krsn53/programs/emsdk/upstream/emscripten/system/include -Xclang -isystem/home/krsn53/programs/emsdk/upstream/emscripten/system/include/libc -Xclang -isystem/home/krsn53/programs/emsdk/upstream/emscripten/system/lib/libc/musl/arch/emscripten -Xclang -isystem/home/krsn53/programs/emsdk/upstream/emscripten/system/local/include -Xclang -isystem/home/krsn53/programs/emsdk/upstream/emscripten/system/include/SSE -Xclang -isystem/home/krsn53/programs/emsdk/upstream/emscripten/system/include/neon -Xclang -isystem/home/krsn53/programs/emsdk/upstream/emscripten/system/lib/compiler-rt/include -Xclang -isystem/home/krsn53/programs/emsdk/upstream/emscripten/system/lib/libunwind/include -Xclang -isystem/home/krsn53/programs/emsdk/upstream/emscripten/cache/wasm/include -DEMSCRIPTEN -fignore-exceptions -v -o CMakeFiles/cmTC_267e6.dir/CMakeCCompilerABI.c.o -c /usr/share/cmake-3.16/Modules/CMakeCCompilerABI.c -Xclang -isystem/home/krsn53/programs/emsdk/upstream/emscripten/system/include/SDL -c -o CMakeFiles/cmTC_267e6.dir/CMakeCCompilerABI.c.o -mllvm -combiner-global-alias-analysis=false -mllvm -enable-emscripten-sjlj -mllvm -disable-lsr]
  ignore line: [clang version 12.0.0 (/b/s/w/ir/cache/git/chromium.googlesource.com-external-github.com-llvm-llvm--project a39423084cbbeb59e81002e741190dccf08b5c82)]
  ignore line: [Target: wasm32-unknown-emscripten]
  ignore line: [Thread model: posix]
  ignore line: [InstalledDir: /home/krsn53/programs/emsdk/upstream/bin]
  ignore line: [ (in-process)]
  ignore line: [ "/home/krsn53/programs/emsdk/upstream/bin/clang-12" -cc1 -triple wasm32-unknown-emscripten -emit-obj -mrelax-all --mrelax-relocations -disable-free -main-file-name CMakeCCompilerABI.c -mrelocation-model static -mframe-pointer=none -fno-rounding-math -mconstructor-aliases -target-cpu generic -fvisibility hidden -debugger-tuning=gdb -v -resource-dir /home/krsn53/programs/emsdk/upstream/lib/clang/12.0.0 -D __EMSCRIPTEN_major__=2 -D __EMSCRIPTEN_minor__=0 -D __EMSCRIPTEN_tiny__=3 -D _LIBCPP_ABI_VERSION=2 -D unix -D __unix -D __unix__ -D EMSCRIPTEN -internal-isystem /home/krsn53/programs/emsdk/upstream/lib/clang/12.0.0/include -internal-isystem /include/wasm32-emscripten -internal-isystem /include -Werror=implicit-function-declaration -fdebug-compilation-dir /home/krsn53/programming/c/raylib/win-3d-maze/build/CMakeFiles/CMakeTmp -ferror-limit 19 -fgnuc-version=4.2.1 -fignore-exceptions -nostdsysteminc -isystem/home/krsn53/programs/emsdk/upstream/emscripten/system/include/compat -isystem/home/krsn53/programs/emsdk/upstream/emscripten/system/include -isystem/home/krsn53/programs/emsdk/upstream/emscripten/system/include/libc -isystem/home/krsn53/programs/emsdk/upstream/emscripten/system/lib/libc/musl/arch/emscripten -isystem/home/krsn53/programs/emsdk/upstream/emscripten/system/local/include -isystem/home/krsn53/programs/emsdk/upstream/emscripten/system/include/SSE -isystem/home/krsn53/programs/emsdk/upstream/emscripten/system/include/neon -isystem/home/krsn53/programs/emsdk/upstream/emscripten/system/lib/compiler-rt/include -isystem/home/krsn53/programs/emsdk/upstream/emscripten/system/lib/libunwind/include -isystem/home/krsn53/programs/emsdk/upstream/emscripten/cache/wasm/include -isystem/home/krsn53/programs/emsdk/upstream/emscripten/system/include/SDL -mllvm -combiner-global-alias-analysis=false -mllvm -enable-emscripten-sjlj -mllvm -disable-lsr -o CMakeFiles/cmTC_267e6.dir/CMakeCCompilerABI.c.o -x c /usr/share/cmake-3.16/Modules/CMakeCCompilerABI.c]
  ignore line: [clang -cc1 version 12.0.0 based upon LLVM 12.0.0git default target x86_64-unknown-linux-gnu]
  ignore line: [ignoring nonexistent directory "/home/krsn53/programs/emsdk/upstream/emscripten/cache/wasm/include"]
  ignore line: [ignoring nonexistent directory "/include/wasm32-emscripten"]
  ignore line: [ignoring nonexistent directory "/include"]
  ignore line: [#include "..." search starts here:]
  ignore line: [#include <...> search starts here:]
  ignore line: [ /home/krsn53/programs/emsdk/upstream/emscripten/system/include/compat]
  ignore line: [ /home/krsn53/programs/emsdk/upstream/emscripten/system/include]
  ignore line: [ /home/krsn53/programs/emsdk/upstream/emscripten/system/include/libc]
  ignore line: [ /home/krsn53/programs/emsdk/upstream/emscripten/system/lib/libc/musl/arch/emscripten]
  ignore line: [ /home/krsn53/programs/emsdk/upstream/emscripten/system/local/include]
  ignore line: [ /home/krsn53/programs/emsdk/upstream/emscripten/system/include/SSE]
  ignore line: [ /home/krsn53/programs/emsdk/upstream/emscripten/system/include/neon]
  ignore line: [ /home/krsn53/programs/emsdk/upstream/emscripten/system/lib/compiler-rt/include]
  ignore line: [ /home/krsn53/programs/emsdk/upstream/emscripten/system/lib/libunwind/include]
  ignore line: [ /home/krsn53/programs/emsdk/upstream/emscripten/system/include/SDL]
  ignore line: [ /home/krsn53/programs/emsdk/upstream/lib/clang/12.0.0/include]
  ignore line: [End of search list.]
  ignore line: [[2/2] Linking C executable cmTC_267e6]
  ignore line: [shared:INFO: (Emscripten: Running sanity checks)]
  link line: [ "/home/krsn53/programs/emsdk/upstream/bin/wasm-ld" -o /tmp/emscripten_temp_rvc4hxck/cmTC_267e6.wasm CMakeFiles/cmTC_267e6.dir/CMakeCCompilerABI.c.o -L/home/krsn53/programs/emsdk/upstream/emscripten/system/local/lib -L/home/krsn53/programs/emsdk/upstream/emscripten/system/lib -L/home/krsn53/programs/emsdk/upstream/emscripten/cache/wasm /home/krsn53/programs/emsdk/upstream/emscripten/cache/wasm/libc.a /home/krsn53/programs/emsdk/upstream/emscripten/cache/wasm/libcompiler_rt.a /home/krsn53/programs/emsdk/upstream/emscripten/cache/wasm/libc++-noexcept.a /home/krsn53/programs/emsdk/upstream/emscripten/cache/wasm/libc++abi-noexcept.a /home/krsn53/programs/emsdk/upstream/emscripten/cache/wasm/libdlmalloc.a /home/krsn53/programs/emsdk/upstream/emscripten/cache/wasm/libpthread_stub.a /home/krsn53/programs/emsdk/upstream/emscripten/cache/wasm/libc_rt_wasm.a /home/krsn53/programs/emsdk/upstream/emscripten/cache/wasm/libsockets.a -mllvm -combiner-global-alias-analysis=false -mllvm -enable-emscripten-sjlj -mllvm -disable-lsr --allow-undefined --import-memory --import-table --strip-debug --export main --export malloc --export free --export stackSave --export stackRestore --export stackAlloc --export __data_end --export __wasm_call_ctors --export fflush --export __errno_location -z stack-size=5242880 --initial-memory=16777216 --no-entry --max-memory=16777216 --global-base=1024]
    arg [/home/krsn53/programs/emsdk/upstream/bin/wasm-ld] ==> ignore
    arg [-o] ==> ignore
    arg [/tmp/emscripten_temp_rvc4hxck/cmTC_267e6.wasm] ==> ignore
    arg [CMakeFiles/cmTC_267e6.dir/CMakeCCompilerABI.c.o] ==> ignore
    arg [-L/home/krsn53/programs/emsdk/upstream/emscripten/system/local/lib] ==> dir [/home/krsn53/programs/emsdk/upstream/emscripten/system/local/lib]
    arg [-L/home/krsn53/programs/emsdk/upstream/emscripten/system/lib] ==> dir [/home/krsn53/programs/emsdk/upstream/emscripten/system/lib]
    arg [-L/home/krsn53/programs/emsdk/upstream/emscripten/cache/wasm] ==> dir [/home/krsn53/programs/emsdk/upstream/emscripten/cache/wasm]
    arg [/home/krsn53/programs/emsdk/upstream/emscripten/cache/wasm/libc.a] ==> lib [/home/krsn53/programs/emsdk/upstream/emscripten/cache/wasm/libc.a]
    arg [/home/krsn53/programs/emsdk/upstream/emscripten/cache/wasm/libcompiler_rt.a] ==> lib [/home/krsn53/programs/emsdk/upstream/emscripten/cache/wasm/libcompiler_rt.a]
    arg [/home/krsn53/programs/emsdk/upstream/emscripten/cache/wasm/libc++-noexcept.a] ==> lib [/home/krsn53/programs/emsdk/upstream/emscripten/cache/wasm/libc++-noexcept.a]
    arg [/home/krsn53/programs/emsdk/upstream/emscripten/cache/wasm/libc++abi-noexcept.a] ==> lib [/home/krsn53/programs/emsdk/upstream/emscripten/cache/wasm/libc++abi-noexcept.a]
    arg [/home/krsn53/programs/emsdk/upstream/emscripten/cache/wasm/libdlmalloc.a] ==> lib [/home/krsn53/programs/emsdk/upstream/emscripten/cache/wasm/libdlmalloc.a]
    arg [/home/krsn53/programs/emsdk/upstream/emscripten/cache/wasm/libpthread_stub.a] ==> lib [/home/krsn53/programs/emsdk/upstream/emscripten/cache/wasm/libpthread_stub.a]
    arg [/home/krsn53/programs/emsdk/upstream/emscripten/cache/wasm/libc_rt_wasm.a] ==> lib [/home/krsn53/programs/emsdk/upstream/emscripten/cache/wasm/libc_rt_wasm.a]
    arg [/home/krsn53/programs/emsdk/upstream/emscripten/cache/wasm/libsockets.a] ==> lib [/home/krsn53/programs/emsdk/upstream/emscripten/cache/wasm/libsockets.a]
    arg [-mllvm] ==> ignore
    arg [-combiner-global-alias-analysis=false] ==> ignore
    arg [-mllvm] ==> ignore
    arg [-enable-emscripten-sjlj] ==> ignore
    arg [-mllvm] ==> ignore
    arg [-disable-lsr] ==> ignore
    arg [--allow-undefined] ==> ignore
    arg [--import-memory] ==> ignore
    arg [--import-table] ==> ignore
    arg [--strip-debug] ==> ignore
    arg [--export] ==> ignore
    arg [main] ==> ignore
    arg [--export] ==> ignore
    arg [malloc] ==> ignore
    arg [--export] ==> ignore
    arg [free] ==> ignore
    arg [--export] ==> ignore
    arg [stackSave] ==> ignore
    arg [--export] ==> ignore
    arg [stackRestore] ==> ignore
    arg [--export] ==> ignore
    arg [stackAlloc] ==> ignore
    arg [--export] ==> ignore
    arg [__data_end] ==> ignore
    arg [--export] ==> ignore
    arg [__wasm_call_ctors] ==> ignore
    arg [--export] ==> ignore
    arg [fflush] ==> ignore
    arg [--export] ==> ignore
    arg [__errno_location] ==> ignore
    arg [-zstack-size=5242880] ==> ignore
    arg [--initial-memory=16777216] ==> ignore
    arg [--no-entry] ==> ignore
    arg [--max-memory=16777216] ==> ignore
    arg [--global-base=1024] ==> ignore
  collapse library dir [/home/krsn53/programs/emsdk/upstream/emscripten/system/local/lib] ==> [/home/krsn53/programs/emsdk/upstream/emscripten/system/local/lib]
  collapse library dir [/home/krsn53/programs/emsdk/upstream/emscripten/system/lib] ==> [/home/krsn53/programs/emsdk/upstream/emscripten/system/lib]
  collapse library dir [/home/krsn53/programs/emsdk/upstream/emscripten/cache/wasm] ==> [/home/krsn53/programs/emsdk/upstream/emscripten/cache/wasm]
  implicit libs: [/home/krsn53/programs/emsdk/upstream/emscripten/cache/wasm/libc.a;/home/krsn53/programs/emsdk/upstream/emscripten/cache/wasm/libcompiler_rt.a;/home/krsn53/programs/emsdk/upstream/emscripten/cache/wasm/libc++-noexcept.a;/home/krsn53/programs/emsdk/upstream/emscripten/cache/wasm/libc++abi-noexcept.a;/home/krsn53/programs/emsdk/upstream/emscripten/cache/wasm/libdlmalloc.a;/home/krsn53/programs/emsdk/upstream/emscripten/cache/wasm/libpthread_stub.a;/home/krsn53/programs/emsdk/upstream/emscripten/cache/wasm/libc_rt_wasm.a;/home/krsn53/programs/emsdk/upstream/emscripten/cache/wasm/libsockets.a]
  implicit dirs: [/home/krsn53/programs/emsdk/upstream/emscripten/system/local/lib;/home/krsn53/programs/emsdk/upstream/emscripten/system/lib;/home/krsn53/programs/emsdk/upstream/emscripten/cache/wasm]
  implicit fwks: []


Determining if the CXX compiler works passed with the following output:
Change Dir: /home/krsn53/programming/c/raylib/win-3d-maze/build/CMakeFiles/CMakeTmp

Run Build Command(s):/usr/bin/ninja cmTC_14e33 && [1/2] Building CXX object CMakeFiles/cmTC_14e33.dir/testCXXCompiler.cxx.o
[2/2] Linking CXX executable cmTC_14e33



Detecting CXX compiler ABI info compiled with the following output:
Change Dir: /home/krsn53/programming/c/raylib/win-3d-maze/build/CMakeFiles/CMakeTmp

Run Build Command(s):/usr/bin/ninja cmTC_28ac3 && [1/2] Building CXX object CMakeFiles/cmTC_28ac3.dir/CMakeCXXCompilerABI.cpp.o
shared:INFO: (Emscripten: Running sanity checks)
 "/home/krsn53/programs/emsdk/upstream/bin/clang++" -target wasm32-unknown-emscripten -D__EMSCRIPTEN_major__=2 -D__EMSCRIPTEN_minor__=0 -D__EMSCRIPTEN_tiny__=3 -D_LIBCPP_ABI_VERSION=2 -Dunix -D__unix -D__unix__ -Werror=implicit-function-declaration -Xclang -nostdsysteminc -Xclang -isystem/home/krsn53/programs/emsdk/upstream/emscripten/system/include/libcxx -Xclang -isystem/home/krsn53/programs/emsdk/upstream/emscripten/system/lib/libcxxabi/include -Xclang -isystem/home/krsn53/programs/emsdk/upstream/emscripten/system/include/compat -Xclang -isystem/home/krsn53/programs/emsdk/upstream/emscripten/system/include -Xclang -isystem/home/krsn53/programs/emsdk/upstream/emscripten/system/include/libc -Xclang -isystem/home/krsn53/programs/emsdk/upstream/emscripten/system/lib/libc/musl/arch/emscripten -Xclang -isystem/home/krsn53/programs/emsdk/upstream/emscripten/system/local/include -Xclang -isystem/home/krsn53/programs/emsdk/upstream/emscripten/system/include/SSE -Xclang -isystem/home/krsn53/programs/emsdk/upstream/emscripten/system/include/neon -Xclang -isystem/home/krsn53/programs/emsdk/upstream/emscripten/system/lib/compiler-rt/include -Xclang -isystem/home/krsn53/programs/emsdk/upstream/emscripten/system/lib/libunwind/include -Xclang -isystem/home/krsn53/programs/emsdk/upstream/emscripten/cache/wasm/include -DEMSCRIPTEN -fignore-exceptions -v -o CMakeFiles/cmTC_28ac3.dir/CMakeCXXCompilerABI.cpp.o -c /usr/share/cmake-3.16/Modules/CMakeCXXCompilerABI.cpp -Xclang -isystem/home/krsn53/programs/emsdk/upstream/emscripten/system/include/SDL -c -o CMakeFiles/cmTC_28ac3.dir/CMakeCXXCompilerABI.cpp.o -mllvm -combiner-global-alias-analysis=false -mllvm -enable-emscripten-sjlj -mllvm -disable-lsr
clang version 12.0.0 (/b/s/w/ir/cache/git/chromium.googlesource.com-external-github.com-llvm-llvm--project a39423084cbbeb59e81002e741190dccf08b5c82)
Target: wasm32-unknown-emscripten
Thread model: posix
InstalledDir: /home/krsn53/programs/emsdk/upstream/bin
 (in-process)
 "/home/krsn53/programs/emsdk/upstream/bin/clang-12" -cc1 -triple wasm32-unknown-emscripten -emit-obj -mrelax-all --mrelax-relocations -disable-free -main-file-name CMakeCXXCompilerABI.cpp -mrelocation-model static -mframe-pointer=none -fno-rounding-math -mconstructor-aliases -target-cpu generic -fvisibility hidden -debugger-tuning=gdb -v -resource-dir /home/krsn53/programs/emsdk/upstream/lib/clang/12.0.0 -D __EMSCRIPTEN_major__=2 -D __EMSCRIPTEN_minor__=0 -D __EMSCRIPTEN_tiny__=3 -D _LIBCPP_ABI_VERSION=2 -D unix -D __unix -D __unix__ -D EMSCRIPTEN -internal-isystem /include/wasm32-emscripten/c++/v1 -internal-isystem /include/c++/v1 -internal-isystem /home/krsn53/programs/emsdk/upstream/lib/clang/12.0.0/include -internal-isystem /include/wasm32-emscripten -internal-isystem /include -Werror=implicit-function-declaration -fdeprecated-macro -fdebug-compilation-dir /home/krsn53/programming/c/raylib/win-3d-maze/build/CMakeFiles/CMakeTmp -ferror-limit 19 -fgnuc-version=4.2.1 -fcxx-exceptions -fignore-exceptions -fexceptions -nostdsysteminc -isystem/home/krsn53/programs/emsdk/upstream/emscripten/system/include/libcxx -isystem/home/krsn53/programs/emsdk/upstream/emscripten/system/lib/libcxxabi/include -isystem/home/krsn53/programs/emsdk/upstream/emscripten/system/include/compat -isystem/home/krsn53/programs/emsdk/upstream/emscripten/system/include -isystem/home/krsn53/programs/emsdk/upstream/emscripten/system/include/libc -isystem/home/krsn53/programs/emsdk/upstream/emscripten/system/lib/libc/musl/arch/emscripten -isystem/home/krsn53/programs/emsdk/upstream/emscripten/system/local/include -isystem/home/krsn53/programs/emsdk/upstream/emscripten/system/include/SSE -isystem/home/krsn53/programs/emsdk/upstream/emscripten/system/include/neon -isystem/home/krsn53/programs/emsdk/upstream/emscripten/system/lib/compiler-rt/include -isystem/home/krsn53/programs/emsdk/upstream/emscripten/system/lib/libunwind/include -isystem/home/krsn53/programs/emsdk/upstream/emscripten/cache/wasm/include -isystem/home/krsn53/programs/emsdk/upstream/emscripten/system/include/SDL -mllvm -combiner-global-alias-analysis=false -mllvm -enable-emscripten-sjlj -mllvm -disable-lsr -o CMakeFiles/cmTC_28ac3.dir/CMakeCXXCompilerABI.cpp.o -x c++ /usr/share/cmake-3.16/Modules/CMakeCXXCompilerABI.cpp
clang -cc1 version 12.0.0 based upon LLVM 12.0.0git default target x86_64-unknown-linux-gnu
ignoring nonexistent directory "/home/krsn53/programs/emsdk/upstream/emscripten/cache/wasm/include"
ignoring nonexistent directory "/include/wasm32-emscripten/c++/v1"
ignoring nonexistent directory "/include/c++/v1"
ignoring nonexistent directory "/include/wasm32-emscripten"
ignoring nonexistent directory "/include"
#include "..." search starts here:
#include <...> search starts here:
 /home/krsn53/programs/emsdk/upstream/emscripten/system/include/libcxx
 /home/krsn53/programs/emsdk/upstream/emscripten/system/lib/libcxxabi/include
 /home/krsn53/programs/emsdk/upstream/emscripten/system/include/compat
 /home/krsn53/programs/emsdk/upstream/emscripten/system/include
 /home/krsn53/programs/emsdk/upstream/emscripten/system/include/libc
 /home/krsn53/programs/emsdk/upstream/emscripten/system/lib/libc/musl/arch/emscripten
 /home/krsn53/programs/emsdk/upstream/emscripten/system/local/include
 /home/krsn53/programs/emsdk/upstream/emscripten/system/include/SSE
 /home/krsn53/programs/emsdk/upstream/emscripten/system/include/neon
 /home/krsn53/programs/emsdk/upstream/emscripten/system/lib/compiler-rt/include
 /home/krsn53/programs/emsdk/upstream/emscripten/system/lib/libunwind/include
 /home/krsn53/programs/emsdk/upstream/emscripten/system/include/SDL
 /home/krsn53/programs/emsdk/upstream/lib/clang/12.0.0/include
End of search list.
[2/2] Linking CXX executable cmTC_28ac3
shared:INFO: (Emscripten: Running sanity checks)
 "/home/krsn53/programs/emsdk/upstream/bin/wasm-ld" -o /tmp/emscripten_temp_nxj078na/cmTC_28ac3.wasm CMakeFiles/cmTC_28ac3.dir/CMakeCXXCompilerABI.cpp.o -L/home/krsn53/programs/emsdk/upstream/emscripten/system/local/lib -L/home/krsn53/programs/emsdk/upstream/emscripten/system/lib -L/home/krsn53/programs/emsdk/upstream/emscripten/cache/wasm /home/krsn53/programs/emsdk/upstream/emscripten/cache/wasm/libc.a /home/krsn53/programs/emsdk/upstream/emscripten/cache/wasm/libcompiler_rt.a /home/krsn53/programs/emsdk/upstream/emscripten/cache/wasm/libc++-noexcept.a /home/krsn53/programs/emsdk/upstream/emscripten/cache/wasm/libc++abi-noexcept.a /home/krsn53/programs/emsdk/upstream/emscripten/cache/wasm/libdlmalloc.a /home/krsn53/programs/emsdk/upstream/emscripten/cache/wasm/libpthread_stub.a /home/krsn53/programs/emsdk/upstream/emscripten/cache/wasm/libc_rt_wasm.a /home/krsn53/programs/emsdk/upstream/emscripten/cache/wasm/libsockets.a -mllvm -combiner-global-alias-analysis=false -mllvm -enable-emscripten-sjlj -mllvm -disable-lsr --allow-undefined --import-memory --import-table --strip-debug --export main --export malloc --export free --export stackSave --export stackRestore --export stackAlloc --export __data_end --export __wasm_call_ctors --export fflush --export __errno_location -z stack-size=5242880 --initial-memory=16777216 --no-entry --max-memory=16777216 --global-base=1024
 "/home/krsn53/programs/emsdk/upstream/bin/wasm-emscripten-finalize" --detect-features --minimize-wasm-changes --dyncalls-i64 --global-base=1024 /tmp/emscripten_temp_nxj078na/cmTC_28ac3.wasm -o /tmp/emscripten_temp_nxj078na/cmTC_28ac3.wasm.o.wasm
 "/home/krsn53/programs/emsdk/node/12.18.1_64bit/bin/node" /home/krsn53/programs/emsdk/upstream/emscripten/src/compiler.js /tmp/tmp3afnedlm.txt



Parsed CXX implicit include dir info from above output: rv=done
  found start of include info
  found start of implicit include info
    add: [/home/krsn53/programs/emsdk/upstream/emscripten/system/include/libcxx]
    add: [/home/krsn53/programs/emsdk/upstream/emscripten/system/lib/libcxxabi/include]
    add: [/home/krsn53/programs/emsdk/upstream/emscripten/system/include/compat]
    add: [/home/krsn53/programs/emsdk/upstream/emscripten/system/include]
    add: [/home/krsn53/programs/emsdk/upstream/emscripten/system/include/libc]
    add: [/home/krsn53/programs/emsdk/upstream/emscripten/system/lib/libc/musl/arch/emscripten]
    add: [/home/krsn53/programs/emsdk/upstream/emscripten/system/local/include]
    add: [/home/krsn53/programs/emsdk/upstream/emscripten/system/include/SSE]
    add: [/home/krsn53/programs/emsdk/upstream/emscripten/system/include/neon]
    add: [/home/krsn53/programs/emsdk/upstream/emscripten/system/lib/compiler-rt/include]
    add: [/home/krsn53/programs/emsdk/upstream/emscripten/system/lib/libunwind/include]
    add: [/home/krsn53/programs/emsdk/upstream/emscripten/system/include/SDL]
    add: [/home/krsn53/programs/emsdk/upstream/lib/clang/12.0.0/include]
  end of search list found
  collapse include dir [/home/krsn53/programs/emsdk/upstream/emscripten/system/include/libcxx] ==> [/home/krsn53/programs/emsdk/upstream/emscripten/system/include/libcxx]
  collapse include dir [/home/krsn53/programs/emsdk/upstream/emscripten/system/lib/libcxxabi/include] ==> [/home/krsn53/programs/emsdk/upstream/emscripten/system/lib/libcxxabi/include]
  collapse include dir [/home/krsn53/programs/emsdk/upstream/emscripten/system/include/compat] ==> [/home/krsn53/programs/emsdk/upstream/emscripten/system/include/compat]
  collapse include dir [/home/krsn53/programs/emsdk/upstream/emscripten/system/include] ==> [/home/krsn53/programs/emsdk/upstream/emscripten/system/include]
  collapse include dir [/home/krsn53/programs/emsdk/upstream/emscripten/system/include/libc] ==> [/home/krsn53/programs/emsdk/upstream/emscripten/system/include/libc]
  collapse include dir [/home/krsn53/programs/emsdk/upstream/emscripten/system/lib/libc/musl/arch/emscripten] ==> [/home/krsn53/programs/emsdk/upstream/emscripten/system/lib/libc/musl/arch/emscripten]
  collapse include dir [/home/krsn53/programs/emsdk/upstream/emscripten/system/local/include] ==> [/home/krsn53/programs/emsdk/upstream/emscripten/system/local/include]
  collapse include dir [/home/krsn53/programs/emsdk/upstream/emscripten/system/include/SSE] ==> [/home/krsn53/programs/emsdk/upstream/emscripten/system/include/SSE]
  collapse include dir [/home/krsn53/programs/emsdk/upstream/emscripten/system/include/neon] ==> [/home/krsn53/programs/emsdk/upstream/emscripten/system/include/neon]
  collapse include dir [/home/krsn53/programs/emsdk/upstream/emscripten/system/lib/compiler-rt/include] ==> [/home/krsn53/programs/emsdk/upstream/emscripten/system/lib/compiler-rt/include]
  collapse include dir [/home/krsn53/programs/emsdk/upstream/emscripten/system/lib/libunwind/include] ==> [/home/krsn53/programs/emsdk/upstream/emscripten/system/lib/libunwind/include]
  collapse include dir [/home/krsn53/programs/emsdk/upstream/emscripten/system/include/SDL] ==> [/home/krsn53/programs/emsdk/upstream/emscripten/system/include/SDL]
  collapse include dir [/home/krsn53/programs/emsdk/upstream/lib/clang/12.0.0/include] ==> [/home/krsn53/programs/emsdk/upstream/lib/clang/12.0.0/include]
  implicit include dirs: [/home/krsn53/programs/emsdk/upstream/emscripten/system/include/libcxx;/home/krsn53/programs/emsdk/upstream/emscripten/system/lib/libcxxabi/include;/home/krsn53/programs/emsdk/upstream/emscripten/system/include/compat;/home/krsn53/programs/emsdk/upstream/emscripten/system/include;/home/krsn53/programs/emsdk/upstream/emscripten/system/include/libc;/home/krsn53/programs/emsdk/upstream/emscripten/system/lib/libc/musl/arch/emscripten;/home/krsn53/programs/emsdk/upstream/emscripten/system/local/include;/home/krsn53/programs/emsdk/upstream/emscripten/system/include/SSE;/home/krsn53/programs/emsdk/upstream/emscripten/system/include/neon;/home/krsn53/programs/emsdk/upstream/emscripten/system/lib/compiler-rt/include;/home/krsn53/programs/emsdk/upstream/emscripten/system/lib/libunwind/include;/home/krsn53/programs/emsdk/upstream/emscripten/system/include/SDL;/home/krsn53/programs/emsdk/upstream/lib/clang/12.0.0/include]


Parsed CXX implicit link information from above output:
  link line regex: [^( *|.*[/\])(ld|CMAKE_LINK_STARTFILE-NOTFOUND|([^/\]+-)?ld|collect2)[^/\]*( |$)]
  ignore line: [Change Dir: /home/krsn53/programming/c/raylib/win-3d-maze/build/CMakeFiles/CMakeTmp]
  ignore line: []
  ignore line: [Run Build Command(s):/usr/bin/ninja cmTC_28ac3 && [1/2] Building CXX object CMakeFiles/cmTC_28ac3.dir/CMakeCXXCompilerABI.cpp.o]
  ignore line: [shared:INFO: (Emscripten: Running sanity checks)]
  ignore line: [ "/home/krsn53/programs/emsdk/upstream/bin/clang++" -target wasm32-unknown-emscripten -D__EMSCRIPTEN_major__=2 -D__EMSCRIPTEN_minor__=0 -D__EMSCRIPTEN_tiny__=3 -D_LIBCPP_ABI_VERSION=2 -Dunix -D__unix -D__unix__ -Werror=implicit-function-declaration -Xclang -nostdsysteminc -Xclang -isystem/home/krsn53/programs/emsdk/upstream/emscripten/system/include/libcxx -Xclang -isystem/home/krsn53/programs/emsdk/upstream/emscripten/system/lib/libcxxabi/include -Xclang -isystem/home/krsn53/programs/emsdk/upstream/emscripten/system/include/compat -Xclang -isystem/home/krsn53/programs/emsdk/upstream/emscripten/system/include -Xclang -isystem/home/krsn53/programs/emsdk/upstream/emscripten/system/include/libc -Xclang -isystem/home/krsn53/programs/emsdk/upstream/emscripten/system/lib/libc/musl/arch/emscripten -Xclang -isystem/home/krsn53/programs/emsdk/upstream/emscripten/system/local/include -Xclang -isystem/home/krsn53/programs/emsdk/upstream/emscripten/system/include/SSE -Xclang -isystem/home/krsn53/programs/emsdk/upstream/emscripten/system/include/neon -Xclang -isystem/home/krsn53/programs/emsdk/upstream/emscripten/system/lib/compiler-rt/include -Xclang -isystem/home/krsn53/programs/emsdk/upstream/emscripten/system/lib/libunwind/include -Xclang -isystem/home/krsn53/programs/emsdk/upstream/emscripten/cache/wasm/include -DEMSCRIPTEN -fignore-exceptions -v -o CMakeFiles/cmTC_28ac3.dir/CMakeCXXCompilerABI.cpp.o -c /usr/share/cmake-3.16/Modules/CMakeCXXCompilerABI.cpp -Xclang -isystem/home/krsn53/programs/emsdk/upstream/emscripten/system/include/SDL -c -o CMakeFiles/cmTC_28ac3.dir/CMakeCXXCompilerABI.cpp.o -mllvm -combiner-global-alias-analysis=false -mllvm -enable-emscripten-sjlj -mllvm -disable-lsr]
  ignore line: [clang version 12.0.0 (/b/s/w/ir/cache/git/chromium.googlesource.com-external-github.com-llvm-llvm--project a39423084cbbeb59e81002e741190dccf08b5c82)]
  ignore line: [Target: wasm32-unknown-emscripten]
  ignore line: [Thread model: posix]
  ignore line: [InstalledDir: /home/krsn53/programs/emsdk/upstream/bin]
  ignore line: [ (in-process)]
  ignore line: [ "/home/krsn53/programs/emsdk/upstream/bin/clang-12" -cc1 -triple wasm32-unknown-emscripten -emit-obj -mrelax-all --mrelax-relocations -disable-free -main-file-name CMakeCXXCompilerABI.cpp -mrelocation-model static -mframe-pointer=none -fno-rounding-math -mconstructor-aliases -target-cpu generic -fvisibility hidden -debugger-tuning=gdb -v -resource-dir /home/krsn53/programs/emsdk/upstream/lib/clang/12.0.0 -D __EMSCRIPTEN_major__=2 -D __EMSCRIPTEN_minor__=0 -D __EMSCRIPTEN_tiny__=3 -D _LIBCPP_ABI_VERSION=2 -D unix -D __unix -D __unix__ -D EMSCRIPTEN -internal-isystem /include/wasm32-emscripten/c++/v1 -internal-isystem /include/c++/v1 -internal-isystem /home/krsn53/programs/emsdk/upstream/lib/clang/12.0.0/include -internal-isystem /include/wasm32-emscripten -internal-isystem /include -Werror=implicit-function-declaration -fdeprecated-macro -fdebug-compilation-dir /home/krsn53/programming/c/raylib/win-3d-maze/build/CMakeFiles/CMakeTmp -ferror-limit 19 -fgnuc-version=4.2.1 -fcxx-exceptions -fignore-exceptions -fexceptions -nostdsysteminc -isystem/home/krsn53/programs/emsdk/upstream/emscripten/system/include/libcxx -isystem/home/krsn53/programs/emsdk/upstream/emscripten/system/lib/libcxxabi/include -isystem/home/krsn53/programs/emsdk/upstream/emscripten/system/include/compat -isystem/home/krsn53/programs/emsdk/upstream/emscripten/system/include -isystem/home/krsn53/programs/emsdk/upstream/emscripten/system/include/libc -isystem/home/krsn53/programs/emsdk/upstream/emscripten/system/lib/libc/musl/arch/emscripten -isystem/home/krsn53/programs/emsdk/upstream/emscripten/system/local/include -isystem/home/krsn53/programs/emsdk/upstream/emscripten/system/include/SSE -isystem/home/krsn53/programs/emsdk/upstream/emscripten/system/include/neon -isystem/home/krsn53/programs/emsdk/upstream/emscripten/system/lib/compiler-rt/include -isystem/home/krsn53/programs/emsdk/upstream/emscripten/system/lib/libunwind/include -isystem/home/krsn53/programs/emsdk/upstream/emscripten/cache/wasm/include -isystem/home/krsn53/programs/emsdk/upstream/emscripten/system/include/SDL -mllvm -combiner-global-alias-analysis=false -mllvm -enable-emscripten-sjlj -mllvm -disable-lsr -o CMakeFiles/cmTC_28ac3.dir/CMakeCXXCompilerABI.cpp.o -x c++ /usr/share/cmake-3.16/Modules/CMakeCXXCompilerABI.cpp]
  ignore line: [clang -cc1 version 12.0.0 based upon LLVM 12.0.0git default target x86_64-unknown-linux-gnu]
  ignore line: [ignoring nonexistent directory "/home/krsn53/programs/emsdk/upstream/emscripten/cache/wasm/include"]
  ignore line: [ignoring nonexistent directory "/include/wasm32-emscripten/c++/v1"]
  ignore line: [ignoring nonexistent directory "/include/c++/v1"]
  ignore line: [ignoring nonexistent directory "/include/wasm32-emscripten"]
  ignore line: [ignoring nonexistent directory "/include"]
  ignore line: [#include "..." search starts here:]
  ignore line: [#include <...> search starts here:]
  ignore line: [ /home/krsn53/programs/emsdk/upstream/emscripten/system/include/libcxx]
  ignore line: [ /home/krsn53/programs/emsdk/upstream/emscripten/system/lib/libcxxabi/include]
  ignore line: [ /home/krsn53/programs/emsdk/upstream/emscripten/system/include/compat]
  ignore line: [ /home/krsn53/programs/emsdk/upstream/emscripten/system/include]
  ignore line: [ /home/krsn53/programs/emsdk/upstream/emscripten/system/include/libc]
  ignore line: [ /home/krsn53/programs/emsdk/upstream/emscripten/system/lib/libc/musl/arch/emscripten]
  ignore line: [ /home/krsn53/programs/emsdk/upstream/emscripten/system/local/include]
  ignore line: [ /home/krsn53/programs/emsdk/upstream/emscripten/system/include/SSE]
  ignore line: [ /home/krsn53/programs/emsdk/upstream/emscripten/system/include/neon]
  ignore line: [ /home/krsn53/programs/emsdk/upstream/emscripten/system/lib/compiler-rt/include]
  ignore line: [ /home/krsn53/programs/emsdk/upstream/emscripten/system/lib/libunwind/include]
  ignore line: [ /home/krsn53/programs/emsdk/upstream/emscripten/system/include/SDL]
  ignore line: [ /home/krsn53/programs/emsdk/upstream/lib/clang/12.0.0/include]
  ignore line: [End of search list.]
  ignore line: [[2/2] Linking CXX executable cmTC_28ac3]
  ignore line: [shared:INFO: (Emscripten: Running sanity checks)]
  link line: [ "/home/krsn53/programs/emsdk/upstream/bin/wasm-ld" -o /tmp/emscripten_temp_nxj078na/cmTC_28ac3.wasm CMakeFiles/cmTC_28ac3.dir/CMakeCXXCompilerABI.cpp.o -L/home/krsn53/programs/emsdk/upstream/emscripten/system/local/lib -L/home/krsn53/programs/emsdk/upstream/emscripten/system/lib -L/home/krsn53/programs/emsdk/upstream/emscripten/cache/wasm /home/krsn53/programs/emsdk/upstream/emscripten/cache/wasm/libc.a /home/krsn53/programs/emsdk/upstream/emscripten/cache/wasm/libcompiler_rt.a /home/krsn53/programs/emsdk/upstream/emscripten/cache/wasm/libc++-noexcept.a /home/krsn53/programs/emsdk/upstream/emscripten/cache/wasm/libc++abi-noexcept.a /home/krsn53/programs/emsdk/upstream/emscripten/cache/wasm/libdlmalloc.a /home/krsn53/programs/emsdk/upstream/emscripten/cache/wasm/libpthread_stub.a /home/krsn53/programs/emsdk/upstream/emscripten/cache/wasm/libc_rt_wasm.a /home/krsn53/programs/emsdk/upstream/emscripten/cache/wasm/libsockets.a -mllvm -combiner-global-alias-analysis=false -mllvm -enable-emscripten-sjlj -mllvm -disable-lsr --allow-undefined --import-memory --import-table --strip-debug --export main --export malloc --export free --export stackSave --export stackRestore --export stackAlloc --export __data_end --export __wasm_call_ctors --export fflush --export __errno_location -z stack-size=5242880 --initial-memory=16777216 --no-entry --max-memory=16777216 --global-base=1024]
    arg [/home/krsn53/programs/emsdk/upstream/bin/wasm-ld] ==> ignore
    arg [-o] ==> ignore
    arg [/tmp/emscripten_temp_nxj078na/cmTC_28ac3.wasm] ==> ignore
    arg [CMakeFiles/cmTC_28ac3.dir/CMakeCXXCompilerABI.cpp.o] ==> ignore
    arg [-L/home/krsn53/programs/emsdk/upstream/emscripten/system/local/lib] ==> dir [/home/krsn53/programs/emsdk/upstream/emscripten/system/local/lib]
    arg [-L/home/krsn53/programs/emsdk/upstream/emscripten/system/lib] ==> dir [/home/krsn53/programs/emsdk/upstream/emscripten/system/lib]
    arg [-L/home/krsn53/programs/emsdk/upstream/emscripten/cache/wasm] ==> dir [/home/krsn53/programs/emsdk/upstream/emscripten/cache/wasm]
    arg [/home/krsn53/programs/emsdk/upstream/emscripten/cache/wasm/libc.a] ==> lib [/home/krsn53/programs/emsdk/upstream/emscripten/cache/wasm/libc.a]
    arg [/home/krsn53/programs/emsdk/upstream/emscripten/cache/wasm/libcompiler_rt.a] ==> lib [/home/krsn53/programs/emsdk/upstream/emscripten/cache/wasm/libcompiler_rt.a]
    arg [/home/krsn53/programs/emsdk/upstream/emscripten/cache/wasm/libc++-noexcept.a] ==> lib [/home/krsn53/programs/emsdk/upstream/emscripten/cache/wasm/libc++-noexcept.a]
    arg [/home/krsn53/programs/emsdk/upstream/emscripten/cache/wasm/libc++abi-noexcept.a] ==> lib [/home/krsn53/programs/emsdk/upstream/emscripten/cache/wasm/libc++abi-noexcept.a]
    arg [/home/krsn53/programs/emsdk/upstream/emscripten/cache/wasm/libdlmalloc.a] ==> lib [/home/krsn53/programs/emsdk/upstream/emscripten/cache/wasm/libdlmalloc.a]
    arg [/home/krsn53/programs/emsdk/upstream/emscripten/cache/wasm/libpthread_stub.a] ==> lib [/home/krsn53/programs/emsdk/upstream/emscripten/cache/wasm/libpthread_stub.a]
    arg [/home/krsn53/programs/emsdk/upstream/emscripten/cache/wasm/libc_rt_wasm.a] ==> lib [/home/krsn53/programs/emsdk/upstream/emscripten/cache/wasm/libc_rt_wasm.a]
    arg [/home/krsn53/programs/emsdk/upstream/emscripten/cache/wasm/libsockets.a] ==> lib [/home/krsn53/programs/emsdk/upstream/emscripten/cache/wasm/libsockets.a]
    arg [-mllvm] ==> ignore
    arg [-combiner-global-alias-analysis=false] ==> ignore
    arg [-mllvm] ==> ignore
    arg [-enable-emscripten-sjlj] ==> ignore
    arg [-mllvm] ==> ignore
    arg [-disable-lsr] ==> ignore
    arg [--allow-undefined] ==> ignore
    arg [--import-memory] ==> ignore
    arg [--import-table] ==> ignore
    arg [--strip-debug] ==> ignore
    arg [--export] ==> ignore
    arg [main] ==> ignore
    arg [--export] ==> ignore
    arg [malloc] ==> ignore
    arg [--export] ==> ignore
    arg [free] ==> ignore
    arg [--export] ==> ignore
    arg [stackSave] ==> ignore
    arg [--export] ==> ignore
    arg [stackRestore] ==> ignore
    arg [--export] ==> ignore
    arg [stackAlloc] ==> ignore
    arg [--export] ==> ignore
    arg [__data_end] ==> ignore
    arg [--export] ==> ignore
    arg [__wasm_call_ctors] ==> ignore
    arg [--export] ==> ignore
    arg [fflush] ==> ignore
    arg [--export] ==> ignore
    arg [__errno_location] ==> ignore
    arg [-zstack-size=5242880] ==> ignore
    arg [--initial-memory=16777216] ==> ignore
    arg [--no-entry] ==> ignore
    arg [--max-memory=16777216] ==> ignore
    arg [--global-base=1024] ==> ignore
  collapse library dir [/home/krsn53/programs/emsdk/upstream/emscripten/system/local/lib] ==> [/home/krsn53/programs/emsdk/upstream/emscripten/system/local/lib]
  collapse library dir [/home/krsn53/programs/emsdk/upstream/emscripten/system/lib] ==> [/home/krsn53/programs/emsdk/upstream/emscripten/system/lib]
  collapse library dir [/home/krsn53/programs/emsdk/upstream/emscripten/cache/wasm] ==> [/home/krsn53/programs/emsdk/upstream/emscripten/cache/wasm]
  implicit libs: [/home/krsn53/programs/emsdk/upstream/emscripten/cache/wasm/libc.a;/home/krsn53/programs/emsdk/upstream/emscripten/cache/wasm/libcompiler_rt.a;/home/krsn53/programs/emsdk/upstream/emscripten/cache/wasm/libc++-noexcept.a;/home/krsn53/programs/emsdk/upstream/emscripten/cache/wasm/libc++abi-noexcept.a;/home/krsn53/programs/emsdk/upstream/emscripten/cache/wasm/libdlmalloc.a;/home/krsn53/programs/emsdk/upstream/emscripten/cache/wasm/libpthread_stub.a;/home/krsn53/programs/emsdk/upstream/emscripten/cache/wasm/libc_rt_wasm.a;/home/krsn53/programs/emsdk/upstream/emscripten/cache/wasm/libsockets.a]
  implicit dirs: [/home/krsn53/programs/emsdk/upstream/emscripten/system/local/lib;/home/krsn53/programs/emsdk/upstream/emscripten/system/lib;/home/krsn53/programs/emsdk/upstream/emscripten/cache/wasm]
  implicit fwks: []


Performing C SOURCE FILE Test COMPILER_HAS_THOSE_TOGGLES succeeded with the following output:
Change Dir: /home/krsn53/programming/c/raylib/win-3d-maze/build/CMakeFiles/CMakeTmp

Run Build Command(s):/usr/bin/ninja cmTC_7c793 && [1/2] Building C object CMakeFiles/cmTC_7c793.dir/src.c.o
[2/2] Linking C executable cmTC_7c793


Source file was:
int main(void) { return 0; }
Determining if the include file pthread.h exists passed with the following output:
Change Dir: /home/krsn53/programming/c/raylib/win-3d-maze/build/CMakeFiles/CMakeTmp

Run Build Command(s):/usr/bin/ninja cmTC_03bf1 && [1/2] Building C object CMakeFiles/cmTC_03bf1.dir/CheckIncludeFile.c.o
[2/2] Linking C executable cmTC_03bf1



Performing C SOURCE FILE Test CMAKE_HAVE_LIBC_PTHREAD succeeded with the following output:
Change Dir: /home/krsn53/programming/c/raylib/win-3d-maze/build/CMakeFiles/CMakeTmp

Run Build Command(s):/usr/bin/ninja cmTC_97a08 && [1/2] Building C object CMakeFiles/cmTC_97a08.dir/src.c.o
[2/2] Linking C executable cmTC_97a08


Source file was:
#include <pthread.h>

void* test_func(void* data)
{
  return data;
}

int main(void)
{
  pthread_t thread;
  pthread_create(&thread, NULL, test_func, NULL);
  pthread_detach(thread);
  pthread_join(thread, NULL);
  pthread_atfork(NULL, NULL, NULL);
  pthread_exit(NULL);

  return 0;
}

Determining if the CLOCK_MONOTONIC exist passed with the following output:
Change Dir: /home/krsn53/programming/c/raylib/win-3d-maze/build/CMakeFiles/CMakeTmp

Run Build Command(s):/usr/bin/ninja cmTC_b4371 && [1/2] Building C object CMakeFiles/cmTC_b4371.dir/CheckSymbolExists.c.o
[2/2] Linking C executable cmTC_b4371


File /home/krsn53/programming/c/raylib/win-3d-maze/build/CMakeFiles/CMakeTmp/CheckSymbolExists.c:
/* */
#include <time.h>

int main(int argc, char** argv)
{
  (void)argv;
#ifndef CLOCK_MONOTONIC
  return ((int*)(&CLOCK_MONOTONIC))[argc];
#else
  (void)argc;
  return 0;
#endif
}
Determining if the include file stdatomic.h exists passed with the following output:
Change Dir: /home/krsn53/programming/c/raylib/win-3d-maze/build/CMakeFiles/CMakeTmp

Run Build Command(s):/usr/bin/ninja cmTC_f527c && [1/2] Building C object CMakeFiles/cmTC_f527c.dir/CheckIncludeFile.c.o
[2/2] Linking C executable cmTC_f527c



